<?xml version="1.0" encoding="UTF-8"?>
<testsuite name="practical1.NumberToolsTest" tests="2" skipped="0" failures="0" errors="0" timestamp="2022-09-25T11:46:37" hostname="LAPTOP-2L3MVO9R" time="0.035">
  <properties/>
  <testcase name="testParse" classname="practical1.NumberToolsTest" time="0.012"/>
  <testcase name="testComputeStatistic" classname="practical1.NumberToolsTest" time="0.023"/>
  <system-out><![CDATA[]]></system-out>
  <system-err><![CDATA[]]></system-err>
</testsuite>
